Will dump AST to: ./JavaTest.ast
Loading inherited module 'scalatest.JavaTest'
   Module location: file:/home/stephen/exigence/scala-test/war/WEB-INF/classes/scalatest/JavaTest.gwt.xml
   Loading inherited module 'com.google.gwt.user.User'
      Module location: file:/home/stephen/other/google-web-toolkit/eclipse/user/bin/com/google/gwt/user/User.gwt.xml
      Loading inherited module 'com.google.gwt.animation.Animation'
         Module location: file:/home/stephen/other/google-web-toolkit/eclipse/user/bin/com/google/gwt/animation/Animation.gwt.xml
         Loading inherited module 'com.google.gwt.core.Core'
            Module location: file:/home/stephen/other/google-web-toolkit/eclipse/user/bin/com/google/gwt/core/Core.gwt.xml
            Loading inherited module 'com.google.gwt.dev.jjs.intrinsic.Intrinsic'
               Module location: jar:file:/home/stephen/other/google-web-toolkit/build/lib/gwt-dev.jar!/com/google/gwt/dev/jjs/intrinsic/Intrinsic.gwt.xml
               Loading inherited module 'com.google.gwt.lang.LongLib'
                  Module location: file:/home/stephen/other/google-web-toolkit/eclipse/dev/bin/com/google/gwt/lang/LongLib.gwt.xml
            Loading inherited module 'com.google.gwt.emul.Emulation'
               Module location: jar:file:/home/stephen/other/google-web-toolkit/build/lib/gwt-user.jar!/com/google/gwt/emul/Emulation.gwt.xml
               Loading inherited module 'com.google.gwt.logging.LogImpl'
                  Module location: file:/home/stephen/other/google-web-toolkit/eclipse/user/bin/com/google/gwt/logging/LogImpl.gwt.xml
            Loading inherited module 'com.google.gwt.xhr.XMLHttpRequest'
               Module location: file:/home/stephen/other/google-web-toolkit/eclipse/user/bin/com/google/gwt/xhr/XMLHttpRequest.gwt.xml
            Loading inherited module 'com.google.gwt.core.CompilerParameters'
               Module location: file:/home/stephen/other/google-web-toolkit/eclipse/user/bin/com/google/gwt/core/CompilerParameters.gwt.xml
            Loading inherited module 'com.google.gwt.core.EmulateJsStack'
               Module location: file:/home/stephen/other/google-web-toolkit/eclipse/user/bin/com/google/gwt/core/EmulateJsStack.gwt.xml
            Loading inherited module 'com.google.gwt.core.AsyncFragmentLoader'
               Module location: file:/home/stephen/other/google-web-toolkit/eclipse/user/bin/com/google/gwt/core/AsyncFragmentLoader.gwt.xml
            Loading inherited module 'com.google.gwt.core.XSLinker'
               Module location: file:/home/stephen/other/google-web-toolkit/eclipse/user/bin/com/google/gwt/core/XSLinker.gwt.xml
            Loading inherited module 'com.google.gwt.core.CrossSiteIframeLinker'
               Module location: file:/home/stephen/other/google-web-toolkit/eclipse/user/bin/com/google/gwt/core/CrossSiteIframeLinker.gwt.xml
         Loading inherited module 'com.google.gwt.user.UserAgent'
            Module location: file:/home/stephen/other/google-web-toolkit/eclipse/user/bin/com/google/gwt/user/UserAgent.gwt.xml
            Loading inherited module 'com.google.gwt.emul.EmulationWithUserAgent'
               Module location: jar:file:/home/stephen/other/google-web-toolkit/build/lib/gwt-user.jar!/com/google/gwt/emul/EmulationWithUserAgent.gwt.xml
            Loading inherited module 'com.google.gwt.core.CoreWithUserAgent'
               Module location: file:/home/stephen/other/google-web-toolkit/eclipse/user/bin/com/google/gwt/core/CoreWithUserAgent.gwt.xml
      Loading inherited module 'com.google.gwt.canvas.Canvas'
         Module location: file:/home/stephen/other/google-web-toolkit/eclipse/user/bin/com/google/gwt/canvas/Canvas.gwt.xml
         Loading inherited module 'com.google.gwt.canvas.dom.DOM'
            Module location: file:/home/stephen/other/google-web-toolkit/eclipse/user/bin/com/google/gwt/canvas/dom/DOM.gwt.xml
            Loading inherited module 'com.google.gwt.dom.DOM'
               Module location: file:/home/stephen/other/google-web-toolkit/eclipse/user/bin/com/google/gwt/dom/DOM.gwt.xml
      Loading inherited module 'com.google.gwt.dom.builder.DomBuilder'
         Module location: file:/home/stephen/other/google-web-toolkit/eclipse/user/bin/com/google/gwt/dom/builder/DomBuilder.gwt.xml
         Loading inherited module 'com.google.gwt.safehtml.SafeHtml'
            Module location: file:/home/stephen/other/google-web-toolkit/eclipse/user/bin/com/google/gwt/safehtml/SafeHtml.gwt.xml
            Loading inherited module 'com.google.gwt.regexp.RegExp'
               Module location: file:/home/stephen/other/google-web-toolkit/eclipse/user/bin/com/google/gwt/regexp/RegExp.gwt.xml
      Loading inherited module 'com.google.gwt.editor.Editor'
         Module location: file:/home/stephen/other/google-web-toolkit/eclipse/user/bin/com/google/gwt/editor/Editor.gwt.xml
         Loading inherited module 'com.google.gwt.validation.Validation'
            Module location: file:/home/stephen/other/google-web-toolkit/eclipse/user/bin/com/google/gwt/validation/Validation.gwt.xml
            Loading inherited module 'javax.validation.Validation'
               Module location: file:/home/stephen/other/google-web-toolkit/eclipse/user/bin/javax/validation/Validation.gwt.xml
      Loading inherited module 'com.google.gwt.event.Event'
         Module location: file:/home/stephen/other/google-web-toolkit/eclipse/user/bin/com/google/gwt/event/Event.gwt.xml
         Loading inherited module 'com.google.gwt.event.EventBase'
            Module location: file:/home/stephen/other/google-web-toolkit/eclipse/user/bin/com/google/gwt/event/EventBase.gwt.xml
            Loading inherited module 'com.google.web.bindery.event.Event'
               Module location: file:/home/stephen/other/google-web-toolkit/eclipse/user/bin/com/google/web/bindery/event/Event.gwt.xml
         Loading inherited module 'com.google.gwt.event.dom.DomEvent'
            Module location: file:/home/stephen/other/google-web-toolkit/eclipse/user/bin/com/google/gwt/event/dom/DomEvent.gwt.xml
            Loading inherited module 'com.google.gwt.event.dom.DragEvent'
               Module location: file:/home/stephen/other/google-web-toolkit/eclipse/user/bin/com/google/gwt/event/dom/DragEvent.gwt.xml
            Loading inherited module 'com.google.gwt.event.dom.TouchEvent'
               Module location: file:/home/stephen/other/google-web-toolkit/eclipse/user/bin/com/google/gwt/event/dom/TouchEvent.gwt.xml
         Loading inherited module 'com.google.gwt.event.logical.LogicalEvent'
            Module location: file:/home/stephen/other/google-web-toolkit/eclipse/user/bin/com/google/gwt/event/logical/LogicalEvent.gwt.xml
      Loading inherited module 'com.google.gwt.geolocation.Geolocation'
         Module location: file:/home/stephen/other/google-web-toolkit/eclipse/user/bin/com/google/gwt/geolocation/Geolocation.gwt.xml
      Loading inherited module 'com.google.gwt.i18n.I18N'
         Module location: file:/home/stephen/other/google-web-toolkit/eclipse/user/bin/com/google/gwt/i18n/I18N.gwt.xml
      Loading inherited module 'com.google.gwt.layout.Layout'
         Module location: file:/home/stephen/other/google-web-toolkit/eclipse/user/bin/com/google/gwt/layout/Layout.gwt.xml
      Loading inherited module 'com.google.gwt.media.Media'
         Module location: file:/home/stephen/other/google-web-toolkit/eclipse/user/bin/com/google/gwt/media/Media.gwt.xml
         Loading inherited module 'com.google.gwt.media.dom.DOM'
            Module location: file:/home/stephen/other/google-web-toolkit/eclipse/user/bin/com/google/gwt/media/dom/DOM.gwt.xml
      Loading inherited module 'com.google.gwt.resources.Resources'
         Module location: file:/home/stephen/other/google-web-toolkit/eclipse/user/bin/com/google/gwt/resources/Resources.gwt.xml
         Loading inherited module 'com.google.gwt.http.HTTP'
            Module location: file:/home/stephen/other/google-web-toolkit/eclipse/user/bin/com/google/gwt/http/HTTP.gwt.xml
         Loading inherited module 'com.google.gwt.jsonp.Jsonp'
            Module location: file:/home/stephen/other/google-web-toolkit/eclipse/user/bin/com/google/gwt/jsonp/Jsonp.gwt.xml
      Loading inherited module 'com.google.gwt.safecss.SafeCss'
         Module location: file:/home/stephen/other/google-web-toolkit/eclipse/user/bin/com/google/gwt/safecss/SafeCss.gwt.xml
      Loading inherited module 'com.google.gwt.storage.Storage'
         Module location: file:/home/stephen/other/google-web-toolkit/eclipse/user/bin/com/google/gwt/storage/Storage.gwt.xml
      Loading inherited module 'com.google.gwt.text.Text'
         Module location: file:/home/stephen/other/google-web-toolkit/eclipse/user/bin/com/google/gwt/text/Text.gwt.xml
      Loading inherited module 'com.google.gwt.touch.Touch'
         Module location: file:/home/stephen/other/google-web-toolkit/eclipse/user/bin/com/google/gwt/touch/Touch.gwt.xml
      Loading inherited module 'com.google.gwt.uibinder.UiBinder'
         Module location: file:/home/stephen/other/google-web-toolkit/eclipse/user/bin/com/google/gwt/uibinder/UiBinder.gwt.xml
      Loading inherited module 'com.google.gwt.user.AsyncProxy'
         Module location: file:/home/stephen/other/google-web-toolkit/eclipse/user/bin/com/google/gwt/user/AsyncProxy.gwt.xml
      Loading inherited module 'com.google.gwt.user.CaptionPanel'
         Module location: file:/home/stephen/other/google-web-toolkit/eclipse/user/bin/com/google/gwt/user/CaptionPanel.gwt.xml
      Loading inherited module 'com.google.gwt.user.cellview.CellView'
         Module location: file:/home/stephen/other/google-web-toolkit/eclipse/user/bin/com/google/gwt/user/cellview/CellView.gwt.xml
         Loading inherited module 'com.google.gwt.cell.Cell'
            Module location: file:/home/stephen/other/google-web-toolkit/eclipse/user/bin/com/google/gwt/cell/Cell.gwt.xml
            Loading inherited module 'com.google.gwt.cell.TextButtonCell'
               Module location: file:/home/stephen/other/google-web-toolkit/eclipse/user/bin/com/google/gwt/cell/TextButtonCell.gwt.xml
         Loading inherited module 'com.google.gwt.view.View'
            Module location: file:/home/stephen/other/google-web-toolkit/eclipse/user/bin/com/google/gwt/view/View.gwt.xml
      Loading inherited module 'com.google.gwt.user.ClippedImage'
         Module location: file:/home/stephen/other/google-web-toolkit/eclipse/user/bin/com/google/gwt/user/ClippedImage.gwt.xml
      Loading inherited module 'com.google.gwt.user.datepicker.DatePicker'
         Module location: file:/home/stephen/other/google-web-toolkit/eclipse/user/bin/com/google/gwt/user/datepicker/DatePicker.gwt.xml
      Loading inherited module 'com.google.gwt.user.DocumentMode'
         Module location: file:/home/stephen/other/google-web-toolkit/eclipse/user/bin/com/google/gwt/user/DocumentMode.gwt.xml
      Loading inherited module 'com.google.gwt.user.DocumentRoot'
         Module location: file:/home/stephen/other/google-web-toolkit/eclipse/user/bin/com/google/gwt/user/DocumentRoot.gwt.xml
      Loading inherited module 'com.google.gwt.user.DOM'
         Module location: file:/home/stephen/other/google-web-toolkit/eclipse/user/bin/com/google/gwt/user/DOM.gwt.xml
      Loading inherited module 'com.google.gwt.user.FileUpload'
         Module location: file:/home/stephen/other/google-web-toolkit/eclipse/user/bin/com/google/gwt/user/FileUpload.gwt.xml
      Loading inherited module 'com.google.gwt.user.Focus'
         Module location: file:/home/stephen/other/google-web-toolkit/eclipse/user/bin/com/google/gwt/user/Focus.gwt.xml
      Loading inherited module 'com.google.gwt.user.Form'
         Module location: file:/home/stephen/other/google-web-toolkit/eclipse/user/bin/com/google/gwt/user/Form.gwt.xml
      Loading inherited module 'com.google.gwt.user.History'
         Module location: file:/home/stephen/other/google-web-toolkit/eclipse/user/bin/com/google/gwt/user/History.gwt.xml
      Loading inherited module 'com.google.gwt.user.HTTPRequest'
         Module location: file:/home/stephen/other/google-web-toolkit/eclipse/user/bin/com/google/gwt/user/HTTPRequest.gwt.xml
      Loading inherited module 'com.google.gwt.user.Hyperlink'
         Module location: file:/home/stephen/other/google-web-toolkit/eclipse/user/bin/com/google/gwt/user/Hyperlink.gwt.xml
      Loading inherited module 'com.google.gwt.user.ImageBundle'
         Module location: file:/home/stephen/other/google-web-toolkit/eclipse/user/bin/com/google/gwt/user/ImageBundle.gwt.xml
      Loading inherited module 'com.google.gwt.user.Popup'
         Module location: file:/home/stephen/other/google-web-toolkit/eclipse/user/bin/com/google/gwt/user/Popup.gwt.xml
      Loading inherited module 'com.google.gwt.user.RemoteService'
         Module location: file:/home/stephen/other/google-web-toolkit/eclipse/user/bin/com/google/gwt/user/RemoteService.gwt.xml
      Loading inherited module 'com.google.gwt.user.ResizeLayoutPanel'
         Module location: file:/home/stephen/other/google-web-toolkit/eclipse/user/bin/com/google/gwt/user/ResizeLayoutPanel.gwt.xml
      Loading inherited module 'com.google.gwt.user.RichText'
         Module location: file:/home/stephen/other/google-web-toolkit/eclipse/user/bin/com/google/gwt/user/RichText.gwt.xml
      Loading inherited module 'com.google.gwt.user.Scroll'
         Module location: file:/home/stephen/other/google-web-toolkit/eclipse/user/bin/com/google/gwt/user/Scroll.gwt.xml
      Loading inherited module 'com.google.gwt.user.SplitPanel'
         Module location: file:/home/stephen/other/google-web-toolkit/eclipse/user/bin/com/google/gwt/user/SplitPanel.gwt.xml
      Loading inherited module 'com.google.gwt.user.TextBox'
         Module location: file:/home/stephen/other/google-web-toolkit/eclipse/user/bin/com/google/gwt/user/TextBox.gwt.xml
      Loading inherited module 'com.google.gwt.user.Tree'
         Module location: file:/home/stephen/other/google-web-toolkit/eclipse/user/bin/com/google/gwt/user/Tree.gwt.xml
      Loading inherited module 'com.google.gwt.user.Window'
         Module location: file:/home/stephen/other/google-web-toolkit/eclipse/user/bin/com/google/gwt/user/Window.gwt.xml
      Loading inherited module 'com.google.gwt.widget.Widget'
         Module location: file:/home/stephen/other/google-web-toolkit/eclipse/user/bin/com/google/gwt/widget/Widget.gwt.xml
   Loading inherited module 'Scala'
      Module location: file:/home/stephen/exigence/scala-test/war/WEB-INF/classes/Scala.gwt.xml
Public resources found in...
Translatable source found in...
Persistent unit cache dir set to: /home/stephen/exigence/scala-test/war/../gwt-unitCache
Compiling module scalatest.JavaTest
Starting UnitWriteThread.
Looking for previously cached Compilation Units in /home/stephen/exigence/scala-test/war/../gwt-unitCache
gwt-unitCache-000001311FF3E274: Load complete
gwt-unitCache-000001311FFEE257: Load complete
gwt-unitCache-00000131200744BE: Load complete
gwt-unitCache-000001312038440C: Load complete
gwt-unitCache-00000131204CC1C5: Load complete
Loaded 5128 units from persistent store.
Found scala.collection.immutable.$colon$colon$, scala/collection/immutable/$colon$colon$
Found scala.collection.immutable.Stream$$anonfun$$plus$colon$1, scala/collection/immutable/Stream$$anonfun$$plus$colon$1
Found scala.collection.immutable.Stream$$hash$colon$colon$, scala/collection/immutable/Stream$$hash$colon$colon$
Found scala.Predef$$less$colon$less, scala/Predef$$less$colon$less
Found scala.Predef$$eq$colon$eq$, scala/Predef$$eq$colon$eq$
Found scala.Predef$$eq$colon$eq, scala/Predef$$eq$colon$eq
Found scala.collection.immutable.$colon$colon, scala/collection/immutable/$colon$colon
   Found 5128 cached/archived units.  Used 5128 / 5130 units from cache.
Compiling scala.Console$
Caching folder is /home/stephen/exigence/scala-test/jribbleCache
ERROR: null
Compiling scala.Math$
ERROR: Failed to find NaNF
   Added 0 units to persistent cache.
   Validating units:
   Removing invalidated units
      Compilation unit 'file:/home/stephen/other/google-web-toolkit/scalagwt-lib/jribble/scala/Console.jribble' is removed due to invalid reference(s):
         scala.Console$
      Compilation unit 'file:/home/stephen/other/google-web-toolkit/scalagwt-lib/jribble/scala/Math.jribble' is removed due to invalid reference(s):
         scala.Math$
      Compilation unit 'file:/home/stephen/other/google-web-toolkit/scalagwt-lib/jribble/scala/collection/Iterator$$anon$27.jribble' is removed due to invalid reference(s):
         java.lang.reflect.Method
         java.lang.ref.SoftReference
         scala.runtime.EmptyMethodCache
         scala.runtime.MethodCache
         java.lang.reflect.InvocationTargetException
      Compilation unit 'file:/home/stephen/other/google-web-toolkit/scalagwt-lib/jribble/scala/runtime/package$.jribble' is removed due to invalid reference(s):
         scala.Boolean$
         scala.Char$
         scala.Short$
         scala.Byte$
         scala.Double$
         scala.Int$
         scala.Float$
         scala.Unit$
         scala.Long$
      Compilation unit 'file:/home/stephen/other/google-web-toolkit/scalagwt-lib/jribble/scala/runtime/package.jribble' is removed due to invalid reference(s):
         scala.Boolean$
         scala.Char$
         scala.Short$
         scala.runtime.package$
         scala.Byte$
         scala.Double$
         scala.Int$
         scala.Float$
         scala.Long$
         scala.Unit$
   Resolving scala.Array$
      Found type 'scala.Array$'
         Found type 'scala.FallbackArrayBuilding'
            Found type 'scala.Predef'
               Found type 'scala.collection.IndexedSeq'
                  Found type 'scala.collection.Seq'
                     Found type 'scala.PartialFunction'
                        Found type 'scala.Option'
                           Found type 'scala.Product'
                              Found type 'scala.collection.Iterator'
                                 Found type 'scala.collection.TraversableOnce'
                                    Found type 'scala.collection.GenTraversableOnce'
                                       Found type 'scala.Function2'
                                          Found type 'scala.Tuple2'
                                             Found type 'scala.collection.TraversableLike'
                                                Found type 'scala.collection.GenTraversableLike'
                                                   [ERROR] Unable to resolve class scala/collection/Parallelizable
                                                   [ERROR] Unable to resolve class scala/collection/parallel/ParIterable
                                                   Found type 'scala.collection.GenMap'
                                                      Found type 'scala.collection.GenMapLike'
                                                         Found type 'scala.collection.GenIterableLike'
                                                            Found type 'scala.collection.GenIterable'
                                                               Found type 'scala.collection.GenTraversable'
                                                                  Found type 'scala.collection.generic.GenericTraversableTemplate'
                                                                     Found type 'scala.Tuple3'
                                                                        Found type 'scala.collection.Iterable'
                                                                           Found type 'scala.collection.IterableLike'
                                                                              Found type 'scala.collection.immutable.Stream'
                                                                                 Found type 'scala.collection.immutable.LinearSeq'
                                                                                    Found type 'scala.collection.immutable.Seq'
                                                                                       Found type 'scala.collection.immutable.Iterable'
                                                                                          [ERROR] Unable to resolve class scala/collection/Parallelizable
                                                                                          [ERROR] Unable to resolve class scala/collection/parallel/immutable/ParIterable
                                                                                          [ERROR] Unable to resolve class scala/collection/parallel/Combiner
                                                                                          [ERROR] Unable to resolve class scala/collection/parallel/immutable/ParIterable
                                                                                       Found type 'scala.collection.SeqLike'
                                                                                          Found type 'scala.collection.GenSeqLike'
                                                                                             [ERROR] Unable to resolve class scala/collection/Parallelizable
                                                                                             [ERROR] Unable to resolve class scala/collection/parallel/ParSeq
                                                                                          [ERROR] Unable to resolve class scala/collection/Parallelizable
                                                                                          [ERROR] Unable to resolve class scala/collection/parallel/ParSeq
                                                                                          [ERROR] Unable to resolve class scala/collection/parallel/Combiner
                                                                                          [ERROR] Unable to resolve class scala/collection/parallel/ParSeq
                                                                                          Found type 'scala.collection.SeqView'
                                                                                             Found type 'scala.collection.SeqViewLike'
                                                                                                Found type 'scala.collection.IterableView'
                                                                                                   Found type 'scala.collection.IterableViewLike'
                                                                                                      Found type 'scala.collection.TraversableView'
                                                                                                         Found type 'scala.collection.TraversableViewLike'
                                                                                                            Found type 'scala.collection.immutable.Map'
                                                                                                               Found type 'scala.collection.Map'
                                                                                                                  Found type 'scala.collection.MapLike'
                                                                                                                     [ERROR] Unable to resolve class scala/collection/Parallelizable
                                                                                                                     [ERROR] Unable to resolve class scala/collection/parallel/ParMap
                                                                                                                     Found type 'scala.collection.Set'
                                                                                                                        Found type 'scala.collection.GenSet'
                                                                                                                           Found type 'scala.collection.GenSetLike'
                                                                                                                              [ERROR] Unable to resolve class scala/collection/Parallelizable
                                                                                                                              [ERROR] Unable to resolve class scala/collection/parallel/ParSet
                                                                                                                        Found type 'scala.collection.SetLike'
                                                                                                                           [ERROR] Unable to resolve class scala/collection/Parallelizable
                                                                                                                           [ERROR] Unable to resolve class scala/collection/parallel/ParSet
                                                                                                                           [ERROR] Unable to resolve class scala/collection/parallel/Combiner
                                                                                                                           [ERROR] Unable to resolve class scala/collection/parallel/ParSet
                                                                                                                           Found type 'scala.collection.mutable.Buffer'
                                                                                                                              Found type 'scala.collection.mutable.Seq'
                                                                                                                                 Found type 'scala.collection.mutable.Iterable'
                                                                                                                                    [ERROR] Unable to resolve class scala/collection/Parallelizable
                                                                                                                                    [ERROR] Unable to resolve class scala/collection/parallel/mutable/ParIterable
                                                                                                                                    [ERROR] Unable to resolve class scala/collection/parallel/Combiner
                                                                                                                                    [ERROR] Unable to resolve class scala/collection/parallel/mutable/ParIterable
                                                                                                                                 Found type 'scala.collection.mutable.SeqLike'
                                                                                                                                    [ERROR] Unable to resolve class scala/collection/Parallelizable
                                                                                                                                    [ERROR] Unable to resolve class scala/collection/parallel/mutable/ParSeq
                                                                                                                                    [ERROR] Unable to resolve class scala/collection/parallel/Combiner
                                                                                                                                    [ERROR] Unable to resolve class scala/collection/parallel/mutable/ParSeq
                                                                                                                     [ERROR] Unable to resolve class scala/collection/parallel/Combiner
                                                                                                                     [ERROR] Unable to resolve class scala/collection/parallel/ParMap
                                                                                                               Found type 'scala.collection.immutable.MapLike'
                                                                                                                  [ERROR] Unable to resolve class scala/collection/Parallelizable
                                                                                                                  [ERROR] Unable to resolve class scala/collection/parallel/immutable/ParMap
                                                                                                                  [ERROR] Unable to resolve class scala/collection/parallel/Combiner
                                                                                                                  [ERROR] Unable to resolve class scala/collection/parallel/immutable/ParMap
                                                                                                                  Found type 'scala.collection.immutable.Set'
                                                                                                                     [ERROR] Unable to resolve class scala/collection/Parallelizable
                                                                                                                     [ERROR] Unable to resolve class scala/collection/parallel/immutable/ParSet
                                                                                                                     [ERROR] Unable to resolve class scala/collection/parallel/Combiner
                                                                                                                     [ERROR] Unable to resolve class scala/collection/parallel/immutable/ParSet
                                                                                       [ERROR] Unable to resolve class scala/collection/Parallelizable
                                                                                       [ERROR] Unable to resolve class scala/collection/parallel/immutable/ParSeq
                                                                                       [ERROR] Unable to resolve class scala/collection/parallel/Combiner
                                                                                       [ERROR] Unable to resolve class scala/collection/parallel/immutable/ParSeq
                                                                                 [ERROR] Unable to resolve class scala/collection/parallel/Combiner
                                                                                 [ERROR] Unable to resolve class scala/collection/parallel/immutable/ParSeq
                                                                                 [ERROR] Unable to resolve class scala/collection/parallel/immutable/ParSeq
                                                                                 Found type 'scala.collection.immutable.List'
                                                                                    [ERROR] Unable to resolve class scala/collection/parallel/Combiner
                                                                                    [ERROR] Unable to resolve class scala/collection/parallel/immutable/ParSeq
                                                                                    [ERROR] Unable to resolve class scala/collection/parallel/immutable/ParSeq
                                                                                    Found type 'scala.reflect.ClassManifest'
                                                                                       Found type 'scala.collection.mutable.WrappedArray'
                                                                                          [ERROR] Unable to resolve class scala/collection/CustomParallelizable
                                                                                          [ERROR] Unable to resolve class scala/collection/parallel/mutable/ParArray
                                                                                          [ERROR] Unable to resolve class scala/collection/parallel/Combiner
                                                                                          [ERROR] Unable to resolve class scala/collection/parallel/mutable/ParArray
                                                                                          [ERROR] Unable to resolve class scala/collection/parallel/mutable/ParArray
                                                                                          [WARN] Unable to resolve method method par
                                                                                       [ERROR] Unable to resolve class scala/collection/mutable/WrappedArray
                                                         [ERROR] Unable to resolve class scala/collection/Parallelizable
                                                         [ERROR] Unable to resolve class scala/collection/parallel/ParMap
                                                [ERROR] Unable to resolve class scala/collection/Parallelizable
                                                [ERROR] Unable to resolve class scala/collection/parallel/ParIterable
                                                [ERROR] Unable to resolve class scala/collection/parallel/Combiner
                                                [ERROR] Unable to resolve class scala/collection/parallel/ParIterable
               Found type 'scala.collection.mutable.ArrayOps'
                  [ERROR] Unable to resolve class scala/collection/CustomParallelizable
                  [ERROR] Unable to resolve class scala/collection/parallel/mutable/ParArray
                  [ERROR] Unable to resolve class scala/collection/parallel/Combiner
                  [ERROR] Unable to resolve class scala/collection/parallel/mutable/ParArray
                  [ERROR] Unable to resolve class scala/collection/parallel/mutable/ParArray
                  [WARN] Unable to resolve method method par
               [ERROR] Unable to resolve class scala/collection/mutable/ArrayOps
               [WARN] Unable to resolve method method $scope
            [ERROR] Unable to resolve class scala/Predef$DummyImplicit
            Found type 'scala.collection.mutable.ArraySeq'
               [ERROR] Unable to resolve class scala/collection/CustomParallelizable
               [ERROR] Unable to resolve class scala/collection/parallel/mutable/ParArray
               [ERROR] Unable to resolve class scala/collection/parallel/Combiner
               [ERROR] Unable to resolve class scala/collection/parallel/mutable/ParArray
               [ERROR] Unable to resolve class scala/collection/parallel/mutable/ParArray
               [WARN] Unable to resolve method method par
            [ERROR] Unable to resolve class scala/collection/mutable/ArraySeq
   Resolving scala.Enumeration.Val
      Found type 'scala.Enumeration'
         Found type 'scala.collection.mutable.Map'
            Found type 'scala.collection.mutable.MapLike'
               [ERROR] Unable to resolve class scala/collection/Parallelizable
               [ERROR] Unable to resolve class scala/collection/parallel/mutable/ParMap
               [ERROR] Unable to resolve class scala/collection/parallel/Combiner
               [ERROR] Unable to resolve class scala/collection/parallel/mutable/ParMap
   Resolving scala.ValueSet$
      Found type 'scala.ValueSet$'
         Found type 'scala.Enumeration.ValueSet'
            [ERROR] Unable to resolve class scala/collection/parallel/Combiner
            [ERROR] Unable to resolve class scala/collection/parallel/immutable/ParSet
            [ERROR] Unable to resolve class scala/collection/parallel/immutable/ParSet
   Resolving scala.Predef$
      Found type 'scala.Predef$'
         [WARN] Unable to resolve method method $scope
   Resolving scala.collection.BitSet$
      Found type 'scala.collection.BitSet$'
         Found type 'scala.collection.immutable.BitSet'
            [ERROR] Unable to resolve class scala/collection/parallel/Combiner
            [ERROR] Unable to resolve class scala/collection/parallel/immutable/ParSet
            [ERROR] Unable to resolve class scala/collection/parallel/immutable/ParSet
   Resolving scala.collection.Iterator.GroupedIterator
      Found type 'scala.collection.Iterator.GroupedIterator'
         Found type 'scala.collection.mutable.ArrayBuffer'
            [ERROR] Unable to resolve class scala/collection/CustomParallelizable
            [ERROR] Unable to resolve class scala/collection/parallel/mutable/ParArray
            [ERROR] Unable to resolve class scala/collection/parallel/Combiner
            [ERROR] Unable to resolve class scala/collection/parallel/mutable/ParArray
            [ERROR] Unable to resolve class scala/collection/parallel/mutable/ParArray
            [WARN] Unable to resolve method method par
         [ERROR] Unable to resolve class scala/collection/mutable/ArrayBuffer
   Resolving scala.collection.Map.WithDefault
      Found type 'scala.collection.Map.WithDefault'
         [ERROR] Unable to resolve class scala/collection/parallel/Combiner
         [ERROR] Unable to resolve class scala/collection/parallel/ParMap
         [ERROR] Unable to resolve class scala/collection/parallel/ParMap
   Resolving scala.collection.MapLike.DefaultKeySet
      Found type 'scala.collection.MapLike.DefaultKeySet'
         [ERROR] Unable to resolve class scala/collection/parallel/Combiner
         [ERROR] Unable to resolve class scala/collection/parallel/ParSet
         [ERROR] Unable to resolve class scala/collection/parallel/ParSet
   Resolving scala.collection.MapLike.DefaultValuesIterable
      Found type 'scala.collection.MapLike.DefaultValuesIterable'
         [ERROR] Unable to resolve class scala/collection/parallel/Combiner
         [ERROR] Unable to resolve class scala/collection/parallel/ParIterable
         [ERROR] Unable to resolve class scala/collection/parallel/ParIterable
   Resolving scala.collection.MapLike$class
      Found type 'scala.collection.MapLike$class'
         [WARN] Unable to resolve method method parCombiner
   Resolving scala.collection.SeqLike$class
      Found type 'scala.collection.SeqLike$class'
         [WARN] Unable to resolve method method parCombiner
   Resolving scala.collection.SetLike$class
      Found type 'scala.collection.SetLike$class'
         [WARN] Unable to resolve method method parCombiner
   Resolving scala.collection.TraversableLike$class
      Found type 'scala.collection.TraversableLike$class'
         [WARN] Unable to resolve method method parCombiner
   Resolving scala.collection.generic.MutableSetFactory
      Found type 'scala.collection.generic.MutableSetFactory'
         Found type 'scala.collection.mutable.Set'
            Found type 'scala.collection.mutable.SetLike'
               [ERROR] Unable to resolve class scala/collection/Parallelizable
               [ERROR] Unable to resolve class scala/collection/parallel/mutable/ParSet
               [ERROR] Unable to resolve class scala/collection/parallel/Combiner
               [ERROR] Unable to resolve class scala/collection/parallel/mutable/ParSet
   Resolving scala.collection.immutable.$colon$colon
      Found type 'scala.collection.immutable.$colon$colon'
         [WARN] Unable to resolve method method writeObject
   Resolving scala.collection.immutable.HashMap$
      Found type 'scala.collection.immutable.HashMap$'
         Found type 'scala.collection.immutable.HashMap'
            [ERROR] Unable to resolve class scala/collection/CustomParallelizable
            [ERROR] Unable to resolve class scala/collection/parallel/immutable/ParHashMap
            [ERROR] Unable to resolve class scala/collection/parallel/Combiner
            [ERROR] Unable to resolve class scala/collection/parallel/immutable/ParHashMap
            [ERROR] Unable to resolve class scala/collection/parallel/immutable/ParHashMap
            [WARN] Unable to resolve method method par
         [ERROR] Unable to resolve class scala/collection/immutable/HashMap
   Resolving scala.collection.immutable.HashMap.HashMapCollision1
      Found type 'scala.collection.immutable.HashMap.HashMapCollision1'
         Found type 'scala.collection.immutable.ListMap'
            [ERROR] Unable to resolve class scala/collection/parallel/Combiner
            [ERROR] Unable to resolve class scala/collection/parallel/immutable/ParMap
            [ERROR] Unable to resolve class scala/collection/parallel/immutable/ParMap
   Resolving scala.collection.immutable.HashSet$
      Found type 'scala.collection.immutable.HashSet$'
         Found type 'scala.collection.immutable.HashSet'
            [ERROR] Unable to resolve class scala/collection/CustomParallelizable
            [ERROR] Unable to resolve class scala/collection/parallel/immutable/ParHashSet
            [ERROR] Unable to resolve class scala/collection/parallel/Combiner
            [ERROR] Unable to resolve class scala/collection/parallel/immutable/ParHashSet
            [ERROR] Unable to resolve class scala/collection/parallel/immutable/ParHashSet
            [WARN] Unable to resolve method method par
         [ERROR] Unable to resolve class scala/collection/immutable/HashSet
   Resolving scala.collection.immutable.HashSet.HashSetCollision1
      Found type 'scala.collection.immutable.HashSet.HashSetCollision1'
         Found type 'scala.collection.immutable.ListSet'
            [ERROR] Unable to resolve class scala/collection/parallel/Combiner
            [ERROR] Unable to resolve class scala/collection/parallel/immutable/ParSet
            [ERROR] Unable to resolve class scala/collection/parallel/immutable/ParSet
         [WARN] Unable to resolve method method writeObject
   Resolving scala.collection.immutable.IndexedSeq.Impl
      Found type 'scala.collection.immutable.IndexedSeq.Impl'
         [ERROR] Unable to resolve class scala/collection/parallel/Combiner
         [ERROR] Unable to resolve class scala/collection/parallel/immutable/ParSeq
         [ERROR] Unable to resolve class scala/collection/parallel/immutable/ParSeq
   Resolving scala.collection.immutable.IntMap$
      Found type 'scala.collection.immutable.IntMap$'
         Found type 'scala.collection.immutable.IntMap'
            [ERROR] Unable to resolve class scala/collection/parallel/Combiner
            [ERROR] Unable to resolve class scala/collection/parallel/immutable/ParMap
            [ERROR] Unable to resolve class scala/collection/parallel/immutable/ParMap
   Resolving scala.collection.immutable.Iterable$class
      Found type 'scala.collection.immutable.Iterable$class'
         [WARN] Unable to resolve method method parCombiner
   Resolving scala.collection.immutable.ListSet.ListSetBuilder
      Found type 'scala.collection.immutable.ListSet.ListSetBuilder'
         Found type 'scala.collection.mutable.ListBuffer'
            [ERROR] Unable to resolve class scala/collection/parallel/Combiner
            [ERROR] Unable to resolve class scala/collection/parallel/mutable/ParSeq
            [ERROR] Unable to resolve class scala/collection/parallel/mutable/ParSeq
         Found type 'scala.collection.mutable.HashSet'
            Found type 'scala.collection.mutable.FlatHashTable'
               [ERROR] Unable to resolve class java/io/ObjectInputStream
               [WARN] Unable to resolve method method serializeTo
            [ERROR] Unable to resolve class scala/collection/mutable/FlatHashTable
            [ERROR] Unable to resolve class scala/collection/CustomParallelizable
            [ERROR] Unable to resolve class scala/collection/parallel/mutable/ParHashSet
            [ERROR] Unable to resolve class scala/collection/parallel/Combiner
            [ERROR] Unable to resolve class scala/collection/parallel/mutable/ParHashSet
            [ERROR] Unable to resolve class java/io/ObjectInputStream
            [WARN] Unable to resolve method method serializeTo
         [ERROR] Unable to resolve class scala/collection/mutable/HashSet
   Resolving scala.collection.immutable.LongMap$
      Found type 'scala.collection.immutable.LongMap$'
         Found type 'scala.collection.immutable.LongMap'
            [ERROR] Unable to resolve class scala/collection/parallel/Combiner
            [ERROR] Unable to resolve class scala/collection/parallel/immutable/ParMap
            [ERROR] Unable to resolve class scala/collection/parallel/immutable/ParMap
   Resolving scala.collection.immutable.EmptyMap$
      Found type 'scala.collection.immutable.EmptyMap$'
         [ERROR] Unable to resolve class scala/collection/parallel/Combiner
         [ERROR] Unable to resolve class scala/collection/parallel/immutable/ParMap
         [ERROR] Unable to resolve class scala/collection/parallel/immutable/ParMap
   Resolving scala.collection.immutable.Map.EmptyMap
      Found type 'scala.collection.immutable.Map.EmptyMap'
         [ERROR] Unable to resolve class scala/collection/parallel/Combiner
         [ERROR] Unable to resolve class scala/collection/parallel/immutable/ParMap
         [ERROR] Unable to resolve class scala/collection/parallel/immutable/ParMap
   Resolving scala.collection.immutable.Map.Map1
      Found type 'scala.collection.immutable.Map.Map1'
         [ERROR] Unable to resolve class scala/collection/parallel/Combiner
         [ERROR] Unable to resolve class scala/collection/parallel/immutable/ParMap
         [ERROR] Unable to resolve class scala/collection/parallel/immutable/ParMap
   Resolving scala.collection.immutable.Map.Map2
      Found type 'scala.collection.immutable.Map.Map2'
         [ERROR] Unable to resolve class scala/collection/parallel/Combiner
         [ERROR] Unable to resolve class scala/collection/parallel/immutable/ParMap
         [ERROR] Unable to resolve class scala/collection/parallel/immutable/ParMap
   Resolving scala.collection.immutable.Map.Map3
      Found type 'scala.collection.immutable.Map.Map3'
         [ERROR] Unable to resolve class scala/collection/parallel/Combiner
         [ERROR] Unable to resolve class scala/collection/parallel/immutable/ParMap
         [ERROR] Unable to resolve class scala/collection/parallel/immutable/ParMap
   Resolving scala.collection.immutable.Map.Map4
      Found type 'scala.collection.immutable.Map.Map4'
         [ERROR] Unable to resolve class scala/collection/parallel/Combiner
         [ERROR] Unable to resolve class scala/collection/parallel/immutable/ParMap
         [ERROR] Unable to resolve class scala/collection/parallel/immutable/ParMap
   Resolving scala.collection.immutable.Map.WithDefault
      Found type 'scala.collection.immutable.Map.WithDefault'
         [ERROR] Unable to resolve class scala/collection/parallel/Combiner
         [ERROR] Unable to resolve class scala/collection/parallel/immutable/ParMap
   Resolving scala.collection.immutable.MapLike.ImmutableDefaultKeySet
      Found type 'scala.collection.immutable.MapLike.ImmutableDefaultKeySet'
         [ERROR] Unable to resolve class scala/collection/parallel/Combiner
         [ERROR] Unable to resolve class scala/collection/parallel/immutable/ParSet
   Resolving scala.collection.immutable.MapLike$class
      Found type 'scala.collection.immutable.MapLike$class'
         [WARN] Unable to resolve method method parCombiner
   Resolving scala.collection.immutable.Nil
      Found type 'scala.collection.immutable.Nil'
         [ERROR] Unable to resolve class scala/collection/parallel/immutable/ParSeq
         [ERROR] Unable to resolve class scala/collection/parallel/Combiner
         [ERROR] Unable to resolve class scala/collection/parallel/immutable/ParSeq
   Resolving scala.collection.immutable.NumericRange$
      Found type 'scala.collection.immutable.NumericRange$'
         Found type 'scala.collection.immutable.NumericRange'
            [ERROR] Unable to resolve class scala/collection/parallel/Combiner
            [ERROR] Unable to resolve class scala/collection/parallel/immutable/ParSeq
            [ERROR] Unable to resolve class scala/collection/parallel/immutable/ParSeq
   Resolving scala.collection.immutable.Queue$
      Found type 'scala.collection.immutable.Queue$'
         Found type 'scala.collection.immutable.Queue'
            [ERROR] Unable to resolve class scala/collection/parallel/Combiner
            [ERROR] Unable to resolve class scala/collection/parallel/immutable/ParSeq
            [ERROR] Unable to resolve class scala/collection/parallel/immutable/ParSeq
   Resolving scala.collection.immutable.BigDecimal$
      Found type 'scala.collection.immutable.BigDecimal$'
         Found type 'scala.math.BigDecimal'
            Found type 'scala.collection.immutable.Range'
               [ERROR] Unable to resolve class scala/collection/CustomParallelizable
               [ERROR] Unable to resolve class scala/collection/parallel/immutable/ParRange
               [ERROR] Unable to resolve class scala/collection/parallel/Combiner
               [ERROR] Unable to resolve class scala/collection/parallel/immutable/ParRange
               [WARN] Unable to resolve method method par
            [ERROR] Unable to resolve class scala/collection/immutable/Range$Partial

